<?xml version="1.0" encoding="UTF-8"?>
<testng-results skipped="0" failed="1" ignored="0" total="3" passed="2">
  <reporter-output>
  </reporter-output>
  <suite name="Navneen Sessions" duration-ms="11978" started-at="2018-12-28T15:32:57Z" finished-at="2018-12-28T15:33:09Z">
    <groups>
      <group name="titley">
        <method signature="GoogleTest.googleLogoText()[pri:1, instance:com.test.GoogleTest@5f3a4b84]" name="googleLogoText" class="com.test.GoogleTest"/>
        <method signature="GoogleTest.googleTestTitle()[pri:2, instance:com.test.GoogleTest@5f3a4b84]" name="googleTestTitle" class="com.test.GoogleTest"/>
      </group> <!-- titley -->
    </groups>
    <test name="testng test" duration-ms="11978" started-at="2018-12-28T15:32:57Z" finished-at="2018-12-28T15:33:09Z">
      <class name="com.test.GoogleTest">
        <test-method status="PASS" signature="setUp()[pri:0, instance:com.test.GoogleTest@5f3a4b84]" name="setUp" is-config="true" duration-ms="5595" started-at="2018-12-28T15:32:57Z" finished-at="2018-12-28T15:33:02Z">
          <reporter-output>
          </reporter-output>
        </test-method> <!-- setUp -->
        <test-method status="FAIL" signature="googleLogoText()[pri:1, instance:com.test.GoogleTest@5f3a4b84]" name="googleLogoText" duration-ms="55" started-at="2018-12-28T15:33:02Z" finished-at="2018-12-28T15:33:02Z">
          <exception class="java.lang.AssertionError">
            <message>
              <![CDATA[expected [false] but found [true]]]>
            </message>
            <full-stacktrace>
              <![CDATA[java.lang.AssertionError: expected [false] but found [true]
at org.testng.Assert.fail(Assert.java:96)
at org.testng.Assert.failNotEquals(Assert.java:776)
at org.testng.Assert.assertEqualsImpl(Assert.java:137)
at org.testng.Assert.assertEquals(Assert.java:118)
at org.testng.Assert.assertEquals(Assert.java:568)
at org.testng.Assert.assertEquals(Assert.java:578)
at com.test.GoogleTest.googleLogoText(GoogleTest.java:50)
at sun.reflect.NativeMethodAccessorImpl.invoke0(Native Method)
at sun.reflect.NativeMethodAccessorImpl.invoke(Unknown Source)
at sun.reflect.DelegatingMethodAccessorImpl.invoke(Unknown Source)
at java.lang.reflect.Method.invoke(Unknown Source)
at org.testng.internal.MethodInvocationHelper.invokeMethod(MethodInvocationHelper.java:124)
at org.testng.internal.Invoker.invokeMethod(Invoker.java:580)
at org.testng.internal.Invoker.invokeTestMethod(Invoker.java:716)
at org.testng.internal.Invoker.invokeTestMethods(Invoker.java:988)
at org.testng.internal.TestMethodWorker.invokeTestMethods(TestMethodWorker.java:125)
at org.testng.internal.TestMethodWorker.run(TestMethodWorker.java:109)
at org.testng.TestRunner.privateRun(TestRunner.java:648)
at org.testng.TestRunner.run(TestRunner.java:505)
at org.testng.SuiteRunner.runTest(SuiteRunner.java:455)
at org.testng.SuiteRunner.runSequentially(SuiteRunner.java:450)
at org.testng.SuiteRunner.privateRun(SuiteRunner.java:415)
at org.testng.SuiteRunner.run(SuiteRunner.java:364)
at org.testng.SuiteRunnerWorker.runSuite(SuiteRunnerWorker.java:52)
at org.testng.SuiteRunnerWorker.run(SuiteRunnerWorker.java:84)
at org.testng.TestNG.runSuitesSequentially(TestNG.java:1208)
at org.testng.TestNG.runSuitesLocally(TestNG.java:1137)
at org.testng.TestNG.runSuites(TestNG.java:1049)
at org.testng.TestNG.run(TestNG.java:1017)
at org.testng.remote.AbstractRemoteTestNG.run(AbstractRemoteTestNG.java:114)
at org.testng.remote.RemoteTestNG.initAndRun(RemoteTestNG.java:251)
at org.testng.remote.RemoteTestNG.main(RemoteTestNG.java:77)
]]>
            </full-stacktrace>
          </exception> <!-- java.lang.AssertionError -->
          <reporter-output>
          </reporter-output>
        </test-method> <!-- googleLogoText -->
        <test-method status="PASS" signature="tearDown()[pri:0, instance:com.test.GoogleTest@5f3a4b84]" name="tearDown" is-config="true" duration-ms="709" started-at="2018-12-28T15:33:02Z" finished-at="2018-12-28T15:33:03Z">
          <reporter-output>
          </reporter-output>
        </test-method> <!-- tearDown -->
        <test-method status="PASS" signature="setUp()[pri:0, instance:com.test.GoogleTest@5f3a4b84]" name="setUp" is-config="true" duration-ms="4796" started-at="2018-12-28T15:33:03Z" finished-at="2018-12-28T15:33:08Z">
          <reporter-output>
          </reporter-output>
        </test-method> <!-- setUp -->
        <test-method status="PASS" signature="googleTestTitle()[pri:2, instance:com.test.GoogleTest@5f3a4b84]" name="googleTestTitle" duration-ms="10" started-at="2018-12-28T15:33:08Z" finished-at="2018-12-28T15:33:08Z">
          <reporter-output>
          </reporter-output>
        </test-method> <!-- googleTestTitle -->
        <test-method status="PASS" signature="tearDown()[pri:0, instance:com.test.GoogleTest@5f3a4b84]" name="tearDown" is-config="true" duration-ms="759" started-at="2018-12-28T15:33:08Z" finished-at="2018-12-28T15:33:09Z">
          <reporter-output>
          </reporter-output>
        </test-method> <!-- tearDown -->
      </class> <!-- com.test.GoogleTest -->
      <class name="com.test.TestngBasic">
        <test-method status="PASS" signature="Setup()[pri:0, instance:com.test.TestngBasic@5bcea91b]" name="Setup" is-config="true" duration-ms="15" started-at="2018-12-28T15:32:57Z" finished-at="2018-12-28T15:32:57Z">
          <reporter-output>
          </reporter-output>
        </test-method> <!-- Setup -->
        <test-method status="PASS" signature="login()[pri:0, instance:com.test.TestngBasic@5bcea91b]" name="login" is-config="true" duration-ms="0" started-at="2018-12-28T15:32:57Z" finished-at="2018-12-28T15:32:57Z">
          <reporter-output>
          </reporter-output>
        </test-method> <!-- login -->
        <test-method status="PASS" signature="LaunchBrowser()[pri:0, instance:com.test.TestngBasic@5bcea91b]" name="LaunchBrowser" is-config="true" duration-ms="0" started-at="2018-12-28T15:32:57Z" finished-at="2018-12-28T15:32:57Z">
          <reporter-output>
          </reporter-output>
        </test-method> <!-- LaunchBrowser -->
        <test-method status="PASS" signature="enterUrl()[pri:0, instance:com.test.TestngBasic@5bcea91b]" name="enterUrl" is-config="true" duration-ms="1" started-at="2018-12-28T15:32:57Z" finished-at="2018-12-28T15:32:57Z">
          <reporter-output>
          </reporter-output>
        </test-method> <!-- enterUrl -->
        <test-method status="PASS" signature="googleTitle()[pri:0, instance:com.test.TestngBasic@5bcea91b]" name="googleTitle" duration-ms="16" started-at="2018-12-28T15:32:57Z" finished-at="2018-12-28T15:32:57Z">
          <reporter-output>
          </reporter-output>
        </test-method> <!-- googleTitle -->
        <test-method status="PASS" signature="logOut()[pri:0, instance:com.test.TestngBasic@5bcea91b]" name="logOut" is-config="true" duration-ms="0" started-at="2018-12-28T15:32:57Z" finished-at="2018-12-28T15:32:57Z">
          <reporter-output>
          </reporter-output>
        </test-method> <!-- logOut -->
        <test-method status="PASS" signature="closeBrowser()[pri:0, instance:com.test.TestngBasic@5bcea91b]" name="closeBrowser" is-config="true" duration-ms="1" started-at="2018-12-28T15:32:57Z" finished-at="2018-12-28T15:32:57Z">
          <reporter-output>
          </reporter-output>
        </test-method> <!-- closeBrowser -->
        <test-method status="PASS" signature="deleteAllCookies()[pri:0, instance:com.test.TestngBasic@5bcea91b]" name="deleteAllCookies" is-config="true" duration-ms="0" started-at="2018-12-28T15:33:09Z" finished-at="2018-12-28T15:33:09Z">
          <reporter-output>
          </reporter-output>
        </test-method> <!-- deleteAllCookies -->
        <test-method status="PASS" signature="generateTestReport()[pri:0, instance:com.test.TestngBasic@5bcea91b]" name="generateTestReport" is-config="true" duration-ms="1" started-at="2018-12-28T15:33:09Z" finished-at="2018-12-28T15:33:09Z">
          <reporter-output>
          </reporter-output>
        </test-method> <!-- generateTestReport -->
      </class> <!-- com.test.TestngBasic -->
    </test> <!-- testng test -->
  </suite> <!-- Navneen Sessions -->
</testng-results>
